W0329 00:32:33.830000 90463 site-packages/torch/distributed/run.py:803] 
W0329 00:32:33.830000 90463 site-packages/torch/distributed/run.py:803] *****************************************
W0329 00:32:33.830000 90463 site-packages/torch/distributed/run.py:803] Setting OMP_NUM_THREADS environment variable for each process to be 1 in default, to avoid your system being overloaded, please further tune the variable for optimal performance in your application as needed. 
W0329 00:32:33.830000 90463 site-packages/torch/distributed/run.py:803] *****************************************
Using fused decoder on CUDA.
Using fused decoder on CUDA.
Using DDP across 2 GPUs.
[rank1]: Traceback (most recent call last):
[rank1]:   File "<frozen runpy>", line 198, in _run_module_as_main
[rank1]:   File "<frozen runpy>", line 88, in _run_code
[rank1]:   File "/root/sparsify-ascend/sparsify/__main__.py", line 334, in <module>
[rank1]:     run()
[rank1]:   File "/root/sparsify-ascend/sparsify/__main__.py", line 269, in run
[rank1]:     args = parse(RunConfig)
[rank1]:            ^^^^^^^^^^^^^^^^
[rank1]:   File "/root/miniconda3/envs/sparsify-ascend/lib/python3.12/site-packages/simple_parsing/parsing.py", line 1046, in parse
[rank1]:     parsed_args = parser.parse_args(args)
[rank1]:                   ^^^^^^^^^^^^^^^^^^^^^^^
[rank1]:   File "/root/miniconda3/envs/sparsify-ascend/lib/python3.12/argparse.py", line 1904, in parse_args
[rank1]:     args, argv = self.parse_known_args(args, namespace)
[rank1]:                  ^^^^^^^^^^^^^^^^^^^^^^^^^^^^^^^^^^^^^^
[rank1]:   File "/root/miniconda3/envs/sparsify-ascend/lib/python3.12/site-packages/simple_parsing/parsing.py", line 362, in parse_known_args
[rank1]:     parsed_args = self._postprocessing(parsed_args)
[rank1]:                   ^^^^^^^^^^^^^^^^^^^^^^^^^^^^^^^^^
[rank1]:   File "/root/miniconda3/envs/sparsify-ascend/lib/python3.12/site-packages/simple_parsing/parsing.py", line 594, in _postprocessing
[rank1]:     parsed_args = self._instantiate_dataclasses(
[rank1]:                   ^^^^^^^^^^^^^^^^^^^^^^^^^^^^^^
[rank1]:   File "/root/miniconda3/envs/sparsify-ascend/lib/python3.12/site-packages/simple_parsing/parsing.py", line 863, in _instantiate_dataclasses
[rank1]:     value_for_dataclass_field = _create_dataclass_instance(
[rank1]:                                 ^^^^^^^^^^^^^^^^^^^^^^^^^^^
[rank1]:   File "/root/miniconda3/envs/sparsify-ascend/lib/python3.12/site-packages/simple_parsing/parsing.py", line 1163, in _create_dataclass_instance
[rank1]:     return constructor(**constructor_args)
[rank1]:            ^^^^^^^^^^^^^^^^^^^^^^^^^^^^^^^
[rank1]:   File "<string>", line 51, in __init__
[rank1]:   File "/root/sparsify-ascend/sparsify/config.py", line 246, in __post_init__
[rank1]:     raise ValueError(
[rank1]: ValueError: Unknown architecture: 'expert_topk'. Must be one of ('topk', 'batch_topk', 'adaptive_budget_topk', 'bucketed_topk', 'codebook_topk', 'residual_vq', 'two_code_residual_vq', 'lowrank_residual_vq', 'jumprelu', 'gated', 'routed', 'group_topk', 'factorized_topk', 'lowrank_residual', 'lowrank_two_stage_residual', 'routed_lowrank_two_stage_residual', 'bucketed_lowrank_residual', 'whitened_lowrank_residual', 'lowrank_adaptive_budget_residual', 'lowrank_gated_residual', 'lowrank_jumprelu_residual', 'lowrank_multi_branch_residual', 'lowrank_factorized_residual', 'lowrank_soft_codebook_residual', 'lowrank_gated_soft_codebook_residual', 'lowrank_grouped_soft_codebook_residual', 'lowrank_two_stage_soft_codebook_residual', 'bucketed_lowrank_two_stage_soft_codebook_residual', 'whitened_lowrank_two_stage_soft_codebook_residual', 'lowrank_asymmetric_two_stage_soft_codebook_residual', 'routed_lowrank_asymmetric_two_stage_soft_codebook_residual', 'routed_lowrank_two_stage_soft_codebook_residual', 'whitened_lowrank_gated_residual', 'lowrank_grouped_residual', 'whitened_topk', 'two_stage_residual', 'multi_branch_gated')
[rank0]: Traceback (most recent call last):
[rank0]:   File "<frozen runpy>", line 198, in _run_module_as_main
[rank0]:   File "<frozen runpy>", line 88, in _run_code
[rank0]:   File "/root/sparsify-ascend/sparsify/__main__.py", line 334, in <module>
[rank0]:     run()
[rank0]:   File "/root/sparsify-ascend/sparsify/__main__.py", line 269, in run
[rank0]:     args = parse(RunConfig)
[rank0]:            ^^^^^^^^^^^^^^^^
[rank0]:   File "/root/miniconda3/envs/sparsify-ascend/lib/python3.12/site-packages/simple_parsing/parsing.py", line 1046, in parse
[rank0]:     parsed_args = parser.parse_args(args)
[rank0]:                   ^^^^^^^^^^^^^^^^^^^^^^^
[rank0]:   File "/root/miniconda3/envs/sparsify-ascend/lib/python3.12/argparse.py", line 1904, in parse_args
[rank0]:     args, argv = self.parse_known_args(args, namespace)
[rank0]:                  ^^^^^^^^^^^^^^^^^^^^^^^^^^^^^^^^^^^^^^
[rank0]:   File "/root/miniconda3/envs/sparsify-ascend/lib/python3.12/site-packages/simple_parsing/parsing.py", line 362, in parse_known_args
[rank0]:     parsed_args = self._postprocessing(parsed_args)
[rank0]:                   ^^^^^^^^^^^^^^^^^^^^^^^^^^^^^^^^^
[rank0]:   File "/root/miniconda3/envs/sparsify-ascend/lib/python3.12/site-packages/simple_parsing/parsing.py", line 594, in _postprocessing
[rank0]:     parsed_args = self._instantiate_dataclasses(
[rank0]:                   ^^^^^^^^^^^^^^^^^^^^^^^^^^^^^^
[rank0]:   File "/root/miniconda3/envs/sparsify-ascend/lib/python3.12/site-packages/simple_parsing/parsing.py", line 863, in _instantiate_dataclasses
[rank0]:     value_for_dataclass_field = _create_dataclass_instance(
[rank0]:                                 ^^^^^^^^^^^^^^^^^^^^^^^^^^^
[rank0]:   File "/root/miniconda3/envs/sparsify-ascend/lib/python3.12/site-packages/simple_parsing/parsing.py", line 1163, in _create_dataclass_instance
[rank0]:     return constructor(**constructor_args)
[rank0]:            ^^^^^^^^^^^^^^^^^^^^^^^^^^^^^^^
[rank0]:   File "<string>", line 51, in __init__
[rank0]:   File "/root/sparsify-ascend/sparsify/config.py", line 246, in __post_init__
[rank0]:     raise ValueError(
[rank0]: ValueError: Unknown architecture: 'expert_topk'. Must be one of ('topk', 'batch_topk', 'adaptive_budget_topk', 'bucketed_topk', 'codebook_topk', 'residual_vq', 'two_code_residual_vq', 'lowrank_residual_vq', 'jumprelu', 'gated', 'routed', 'group_topk', 'factorized_topk', 'lowrank_residual', 'lowrank_two_stage_residual', 'routed_lowrank_two_stage_residual', 'bucketed_lowrank_residual', 'whitened_lowrank_residual', 'lowrank_adaptive_budget_residual', 'lowrank_gated_residual', 'lowrank_jumprelu_residual', 'lowrank_multi_branch_residual', 'lowrank_factorized_residual', 'lowrank_soft_codebook_residual', 'lowrank_gated_soft_codebook_residual', 'lowrank_grouped_soft_codebook_residual', 'lowrank_two_stage_soft_codebook_residual', 'bucketed_lowrank_two_stage_soft_codebook_residual', 'whitened_lowrank_two_stage_soft_codebook_residual', 'lowrank_asymmetric_two_stage_soft_codebook_residual', 'routed_lowrank_asymmetric_two_stage_soft_codebook_residual', 'routed_lowrank_two_stage_soft_codebook_residual', 'whitened_lowrank_gated_residual', 'lowrank_grouped_residual', 'whitened_topk', 'two_stage_residual', 'multi_branch_gated')
[rank0]:[W329 00:32:38.550321775 ProcessGroupNCCL.cpp:1524] Warning: WARNING: destroy_process_group() was not called before program exit, which can leak resources. For more info, please see https://pytorch.org/docs/stable/distributed.html#shutdown (function operator())
W0329 00:32:39.630000 90463 site-packages/torch/distributed/elastic/multiprocessing/api.py:908] Sending process 90506 closing signal SIGTERM
E0329 00:32:39.662000 90463 site-packages/torch/distributed/elastic/multiprocessing/api.py:882] failed (exitcode: 1) local_rank: 1 (pid: 90507) of binary: /root/miniconda3/envs/sparsify-ascend/bin/python3.12
Traceback (most recent call last):
  File "/root/miniconda3/envs/sparsify-ascend/bin/torchrun", line 6, in <module>
    sys.exit(main())
             ^^^^^^
  File "/root/miniconda3/envs/sparsify-ascend/lib/python3.12/site-packages/torch/distributed/elastic/multiprocessing/errors/__init__.py", line 357, in wrapper
    return f(*args, **kwargs)
           ^^^^^^^^^^^^^^^^^^
  File "/root/miniconda3/envs/sparsify-ascend/lib/python3.12/site-packages/torch/distributed/run.py", line 936, in main
    run(args)
  File "/root/miniconda3/envs/sparsify-ascend/lib/python3.12/site-packages/torch/distributed/run.py", line 927, in run
    elastic_launch(
  File "/root/miniconda3/envs/sparsify-ascend/lib/python3.12/site-packages/torch/distributed/launcher/api.py", line 156, in __call__
    return launch_agent(self._config, self._entrypoint, list(args))
           ^^^^^^^^^^^^^^^^^^^^^^^^^^^^^^^^^^^^^^^^^^^^^^^^^^^^^^^^
  File "/root/miniconda3/envs/sparsify-ascend/lib/python3.12/site-packages/torch/distributed/launcher/api.py", line 293, in launch_agent
    raise ChildFailedError(
torch.distributed.elastic.multiprocessing.errors.ChildFailedError: 
============================================================
sparsify FAILED
------------------------------------------------------------
Failures:
  <NO_OTHER_FAILURES>
------------------------------------------------------------
Root Cause (first observed failure):
[0]:
  time      : 2026-03-29_00:32:39
  host      : iZuf6cmwgapdeot4ojlegeZ
  rank      : 1 (local_rank: 1)
  exitcode  : 1 (pid: 90507)
  error_file: <N/A>
  traceback : To enable traceback see: https://pytorch.org/docs/stable/elastic/errors.html
============================================================
